# JRE version: 7.0_09-b05
# Java VM: Java HotSpot(TM) 64-Bit Server VM (23.5-b02 mixed mode windows-amd64 compressed oops)
Heap
 PSYoungGen      total 28352K, used 20699K [0x00000000e0600000, 0x00000000e25a0000, 0x0000000100000000)
  eden space 24320K, 71% used [0x00000000e0600000,0x00000000e1717f18,0x00000000e1dc0000)
  from space 4032K, 79% used [0x00000000e21b0000,0x00000000e24cf030,0x00000000e25a0000)
  to   space 4032K, 0% used [0x00000000e1dc0000,0x00000000e1dc0000,0x00000000e21b0000)
 ParOldGen       total 64768K, used 16K [0x00000000a1200000, 0x00000000a5140000, 0x00000000e0600000)
  object space 64768K, 0% used [0x00000000a1200000,0x00000000a1204000,0x00000000a5140000)
 PSPermGen       total 21248K, used 18519K [0x000000009c000000, 0x000000009d4c0000, 0x00000000a1200000)
  object space 21248K, 87% used [0x000000009c000000,0x000000009d215eb8,0x000000009d4c0000)
GC Heap History (4 events):
Event: 0.842 GC heap before
{Heap before GC invocations=1 (full 0):
 PSYoungGen      total 28352K, used 24320K [0x00000000e0600000, 0x00000000e25a0000, 0x0000000100000000)
  eden space 24320K, 100% used [0x00000000e0600000,0x00000000e1dc0000,0x00000000e1dc0000)
  from space 4032K, 0% used [0x00000000e21b0000,0x00000000e21b0000,0x00000000e25a0000)
  to   space 4032K, 0% used [0x00000000e1dc0000,0x00000000e1dc0000,0x00000000e21b0000)
 ParOldGen       total 64768K, used 0K [0x00000000a1200000, 0x00000000a5140000, 0x00000000e0600000)
  object space 64768K, 0% used [0x00000000a1200000,0x00000000a1200000,0x00000000a5140000)
 PSPermGen       total 21248K, used 6529K [0x000000009c000000, 0x000000009d4c0000, 0x00000000a1200000)
  object space 21248K, 30% used [0x000000009c000000,0x000000009c660600,0x000000009d4c0000)
Event: 0.846 GC heap after
Heap after GC invocations=1 (full 0):
 PSYoungGen      total 28352K, used 1742K [0x00000000e0600000, 0x00000000e25a0000, 0x0000000100000000)
  eden space 24320K, 0% used [0x00000000e0600000,0x00000000e0600000,0x00000000e1dc0000)
  from space 4032K, 43% used [0x00000000e1dc0000,0x00000000e1f73af0,0x00000000e21b0000)
  to   space 4032K, 0% used [0x00000000e21b0000,0x00000000e21b0000,0x00000000e25a0000)
 ParOldGen       total 64768K, used 8K [0x00000000a1200000, 0x00000000a5140000, 0x00000000e0600000)
  object space 64768K, 0% used [0x00000000a1200000,0x00000000a1202000,0x00000000a5140000)
 PSPermGen       total 21248K, used 6529K [0x000000009c000000, 0x000000009d4c0000, 0x00000000a1200000)
  object space 21248K, 30% used [0x000000009c000000,0x000000009c660600,0x000000009d4c0000)
}
Event: 3.871 GC heap before
{Heap before GC invocations=2 (full 0):
 PSYoungGen      total 28352K, used 26062K [0x00000000e0600000, 0x00000000e25a0000, 0x0000000100000000)
  eden space 24320K, 100% used [0x00000000e0600000,0x00000000e1dc0000,0x00000000e1dc0000)
  from space 4032K, 43% used [0x00000000e1dc0000,0x00000000e1f73af0,0x00000000e21b0000)
  to   space 4032K, 0% used [0x00000000e21b0000,0x00000000e21b0000,0x00000000e25a0000)
 ParOldGen       total 64768K, used 8K [0x00000000a1200000, 0x00000000a5140000, 0x00000000e0600000)
  object space 64768K, 0% used [0x00000000a1200000,0x00000000a1202000,0x00000000a5140000)
 PSPermGen       total 21248K, used 15397K [0x000000009c000000, 0x000000009d4c0000, 0x00000000a1200000)
  object space 21248K, 72% used [0x000000009c000000,0x000000009cf09528,0x000000009d4c0000)
Event: 3.880 GC heap after
Heap after GC invocations=2 (full 0):
 PSYoungGen      total 28352K, used 3196K [0x00000000e0600000, 0x00000000e25a0000, 0x0000000100000000)
  eden space 24320K, 0% used [0x00000000e0600000,0x00000000e0600000,0x00000000e1dc0000)
  from space 4032K, 79% used [0x00000000e21b0000,0x00000000e24cf030,0x00000000e25a0000)
  to   space 4032K, 0% used [0x00000000e1dc0000,0x00000000e1dc0000,0x00000000e21b0000)
 ParOldGen       total 64768K, used 16K [0x00000000a1200000, 0x00000000a5140000, 0x00000000e0600000)
  object space 64768K, 0% used [0x00000000a1200000,0x00000000a1204000,0x00000000a5140000)
 PSPermGen       total 21248K, used 15397K [0x000000009c000000, 0x000000009d4c0000, 0x00000000a1200000)
  object space 21248K, 72% used [0x000000009c000000,0x000000009cf09528,0x000000009d4c0000)
}

